Using pre-set license
Built from '2020.3/china_unity/release' branch; Version is '2020.3.29f1c1 (23c0627a561f) revision 2343010'; Using compiler version '192528614'; Build Type 'Release'
OS: 'Windows 11  (10.0.22000) 64bit CoreCountrySpecific' Language: 'zh' Physical Memory: 15236 MB
BatchMode: 1, IsHumanControllingUs: 0, StartBugReporterOnCrash: 0, Is64bit: 1, IsPro: 0

COMMAND LINE ARGUMENTS:
C:\Program Files\Unity\Hub\Editor\2020.3.29f1c1\Editor\Unity.exe
-adb2
-batchMode
-noUpm
-name
AssetImportWorker0
-projectPath
D:/Code/Unity/EXP9
-logFile
Logs/AssetImportWorker0.log
-srvPort
54846
Successfully changed project path to: D:/Code/Unity/EXP9
D:/Code/Unity/EXP9
Using Asset Import Pipeline V2.
AS: AutoStreaming module initializing.Refreshing native plugins compatible for Editor in 59.71 ms, found 2 plugins.
Preloading 0 native plugins for Editor in 0.00 ms.
Initialize engine version: 2020.3.29f1c1 (23c0627a561f)
[Subsystems] Discovering subsystems at path C:/Program Files/Unity/Hub/Editor/2020.3.29f1c1/Editor/Data/Resources/UnitySubsystems
[Subsystems] Discovering subsystems at path D:/Code/Unity/EXP9/Assets
GfxDevice: creating device client; threaded=0
Direct3D:
    Version:  Direct3D 11.0 [level 11.1]
    Renderer: AMD Radeon(TM) Vega 8 Graphics (ID=0x15d8)
    Vendor:   
    VRAM:     7618 MB
    Driver:   26.20.14048.5000
Initialize mono
Mono path[0] = 'C:/Program Files/Unity/Hub/Editor/2020.3.29f1c1/Editor/Data/Managed'
Mono path[1] = 'C:/Program Files/Unity/Hub/Editor/2020.3.29f1c1/Editor/Data/MonoBleedingEdge/lib/mono/unityjit'
Mono config path = 'C:/Program Files/Unity/Hub/Editor/2020.3.29f1c1/Editor/Data/MonoBleedingEdge/etc'
Using monoOptions --debugger-agent=transport=dt_socket,embedding=1,server=y,suspend=n,address=127.0.0.1:56484
Begin MonoManager ReloadAssembly
Registering precompiled unity dll's ...
Register platform support module: C:/Program Files/Unity/Hub/Editor/2020.3.29f1c1/Editor/Data/PlaybackEngines/WindowsStandaloneSupport/UnityEditor.WindowsStandalone.Extensions.dll
Registered in 0.011119 seconds.
Native extension for WindowsStandalone target not found
Refreshing native plugins compatible for Editor in 60.55 ms, found 2 plugins.
Preloading 0 native plugins for Editor in 0.00 ms.
Mono: successfully reloaded assembly
- Completed reload, in  1.408 seconds
Domain Reload Profiling:
	ReloadAssembly (1409ms)
		BeginReloadAssembly (216ms)
			ExecutionOrderSort (0ms)
			DisableScriptedObjects (0ms)
			BackupInstance (0ms)
			ReleaseScriptingObjects (0ms)
			CreateAndSetChildDomain (1ms)
		EndReloadAssembly (995ms)
			LoadAssemblies (204ms)
			RebuildTransferFunctionScriptingTraits (0ms)
			SetupTypeCache (331ms)
			ReleaseScriptCaches (0ms)
			RebuildScriptCaches (58ms)
			SetupLoadedEditorAssemblies (351ms)
				LogAssemblyErrors (0ms)
				InitializePlatformSupportModulesInManaged (11ms)
				SetLoadedEditorAssemblies (0ms)
				RefreshPlugins (61ms)
				BeforeProcessingInitializeOnLoad (26ms)
				ProcessInitializeOnLoadAttributes (180ms)
				ProcessInitializeOnLoadMethodAttributes (72ms)
				AfterProcessingInitializeOnLoad (0ms)
				EditorAssembliesLoaded (1ms)
			ExecutionOrderSort2 (0ms)
			AwakeInstancesAfterBackupRestoration (0ms)
Platform modules already initialized, skipping
Registering precompiled user dll's ...
Registered in 0.005075 seconds.
Begin MonoManager ReloadAssembly
Native extension for WindowsStandalone target not found
Refreshing native plugins compatible for Editor in 0.73 ms, found 2 plugins.
Preloading 0 native plugins for Editor in 0.00 ms.
Mono: successfully reloaded assembly
- Completed reload, in  2.248 seconds
Domain Reload Profiling:
	ReloadAssembly (2250ms)
		BeginReloadAssembly (412ms)
			ExecutionOrderSort (0ms)
			DisableScriptedObjects (12ms)
			BackupInstance (0ms)
			ReleaseScriptingObjects (0ms)
			CreateAndSetChildDomain (48ms)
		EndReloadAssembly (1669ms)
			LoadAssemblies (275ms)
			RebuildTransferFunctionScriptingTraits (0ms)
			SetupTypeCache (559ms)
			ReleaseScriptCaches (1ms)
			RebuildScriptCaches (82ms)
			SetupLoadedEditorAssemblies (649ms)
				LogAssemblyErrors (0ms)
				InitializePlatformSupportModulesInManaged (10ms)
				SetLoadedEditorAssemblies (1ms)
				RefreshPlugins (1ms)
				BeforeProcessingInitializeOnLoad (196ms)
				ProcessInitializeOnLoadAttributes (382ms)
				ProcessInitializeOnLoadMethodAttributes (21ms)
				AfterProcessingInitializeOnLoad (37ms)
				EditorAssembliesLoaded (1ms)
			ExecutionOrderSort2 (0ms)
			AwakeInstancesAfterBackupRestoration (14ms)
Platform modules already initialized, skipping
========================================================================
Worker process is ready to serve import requests
Launched and connected shader compiler UnityShaderCompiler.exe after 0.13 seconds
Refreshing native plugins compatible for Editor in 0.71 ms, found 2 plugins.
Preloading 0 native plugins for Editor in 0.00 ms.
Unloading 1502 Unused Serialized files (Serialized files now loaded: 0)
System memory in use before: 70.2 MB.
System memory in use after: 70.2 MB.

Unloading 16 unused Assets to reduce memory usage. Loaded Objects now: 1940.
Total: 5.687400 ms (FindLiveObjects: 0.321300 ms CreateObjectMapping: 0.061100 ms MarkObjects: 5.135900 ms  DeleteObjects: 0.165900 ms)

AssetImportParameters requested are different than current active one (requested -> active):
  custom:framework-win-MediaFoundation: 216162199b28c13a410421893ffa2e32 -> 
  custom:video-decoder-ogg-theora: a1e56fd34408186e4bbccfd4996cb3dc -> 
  custom:container-muxer-webm: aa71ff27fc2769a1b78a27578f13a17b -> 
  custom:container-demuxer-webm: 4f35f7cbe854078d1ac9338744f61a02 -> 
  custom:container-demuxer-ogg: 62fdf1f143b41e24485cea50d1cbac27 -> 
  custom:video-encoder-webm-vp8: eb34c28f22e8b96e1ab97ce403110664 -> 
  custom:video-codec-MediaFoundation-h265: 746d11721c4dcdbdad8f713fa42b33f4 -> 
  custom:video-decoder-webm-vp8: 9c59270c3fd7afecdb556c50c9e8de78 -> 
  custom:audio-decoder-ogg-vorbis: bf7c407c2cedff20999df2af8eb42d56 -> 
  custom:audio-encoder-webm-vorbis: bf7c407c2cedff20999df2af8eb42d56 -> 
========================================================================
Received Import Request.
  path: Assets/Scenes/2.unity
  artifactKey: Guid(dbab8dcdc3efd9740a11b15b7266a7f4) Importer(815301076,1909f56bfc062723c751e8b465ee728b)
Start importing Assets/Scenes/2.unity using Guid(dbab8dcdc3efd9740a11b15b7266a7f4) Importer(815301076,1909f56bfc062723c751e8b465ee728b)  -> (artifact id: '170ed3cb34093b00f41f992a34d4c09a') in 0.035224 seconds 
  Import took 0.039884 seconds .

========================================================================
Received Import Request.
  Time since last request: 101.775541 seconds.
  path: Assets/Whaleride/Hand Painted Rocks Road (Blocky)/Hand Painted Rocks Road (Blocky).mat
  artifactKey: Guid(265c1517f551bbb4db1a48e2201a96f7) Importer(815301076,1909f56bfc062723c751e8b465ee728b)
Start importing Assets/Whaleride/Hand Painted Rocks Road (Blocky)/Hand Painted Rocks Road (Blocky).mat using Guid(265c1517f551bbb4db1a48e2201a96f7) Importer(815301076,1909f56bfc062723c751e8b465ee728b)  -> (artifact id: '22ffcefcd2702595040c490a76258652') in 0.628341 seconds 
  Import took 0.634645 seconds .

========================================================================
Received Import Request.
  Time since last request: 0.000672 seconds.
  path: Assets/Whaleride/Hand Painted Rocks Road (Blocky)/road_rocks_blocky_NRM.png
  artifactKey: Guid(c5fa454ade829484fa8c258f2f587ca3) Importer(815301076,1909f56bfc062723c751e8b465ee728b)
Start importing Assets/Whaleride/Hand Painted Rocks Road (Blocky)/road_rocks_blocky_NRM.png using Guid(c5fa454ade829484fa8c258f2f587ca3) Importer(815301076,1909f56bfc062723c751e8b465ee728b)  -> (artifact id: 'dc3f0bc7c08a6a0824cf9e66b223e90d') in 0.069060 seconds 
  Import took 0.074816 seconds .

========================================================================
Received Import Request.
  Time since last request: 0.000774 seconds.
  path: Assets/Whaleride/Hand Painted Rocks Road (Blocky)/road_rocks_blocky.png
  artifactKey: Guid(e32a8e6f31df27a4ea7ef085e4a65a7d) Importer(815301076,1909f56bfc062723c751e8b465ee728b)
Start importing Assets/Whaleride/Hand Painted Rocks Road (Blocky)/road_rocks_blocky.png using Guid(e32a8e6f31df27a4ea7ef085e4a65a7d) Importer(815301076,1909f56bfc062723c751e8b465ee728b)  -> (artifact id: '39faadd49dc2c9baf5344204e0cef482') in 0.033505 seconds 
  Import took 0.039661 seconds .

========================================================================
Received Import Request.
  Time since last request: 244.953396 seconds.
  path: Assets/Scenes/New Material.mat
  artifactKey: Guid(a158daf2d4d3e8547a7980e687a24b1a) Importer(815301076,1909f56bfc062723c751e8b465ee728b)
Start importing Assets/Scenes/New Material.mat using Guid(a158daf2d4d3e8547a7980e687a24b1a) Importer(815301076,1909f56bfc062723c751e8b465ee728b)  -> (artifact id: '10bfa67f1407424ef4ef0e203c2a0707') in 0.033912 seconds 
  Import took 0.036960 seconds .

========================================================================
Received Import Request.
  Time since last request: 131.593970 seconds.
  path: Assets/LowlyPoly
  artifactKey: Guid(149c64954d4365a46bb5f7695c6f3154) Importer(815301076,1909f56bfc062723c751e8b465ee728b)
Start importing Assets/LowlyPoly using Guid(149c64954d4365a46bb5f7695c6f3154) Importer(815301076,1909f56bfc062723c751e8b465ee728b)  -> (artifact id: 'ac7fe4ab0210c5111997f68154c6ed9b') in 0.007746 seconds 
  Import took 0.011030 seconds .

========================================================================
Received Import Request.
  Time since last request: 0.659546 seconds.
  path: Assets/LowlyPoly/Free Stylized Textures
  artifactKey: Guid(07a6929d3e5614146a7abb90c8f103f3) Importer(815301076,1909f56bfc062723c751e8b465ee728b)
Start importing Assets/LowlyPoly/Free Stylized Textures using Guid(07a6929d3e5614146a7abb90c8f103f3) Importer(815301076,1909f56bfc062723c751e8b465ee728b)  -> (artifact id: 'e767e2413965ccd1a09aabfd54d1253f') in 0.009121 seconds 
  Import took 0.012381 seconds .

========================================================================
Received Import Request.
  Time since last request: 1.209634 seconds.
  path: Assets/LowlyPoly/Free Stylized Textures/Textures
  artifactKey: Guid(7c5927192dc9bac47bff9abd2bfad271) Importer(815301076,1909f56bfc062723c751e8b465ee728b)
Start importing Assets/LowlyPoly/Free Stylized Textures/Textures using Guid(7c5927192dc9bac47bff9abd2bfad271) Importer(815301076,1909f56bfc062723c751e8b465ee728b)  -> (artifact id: 'bcd1b888061ba09ae7428b528d5af91b') in 0.007232 seconds 
  Import took 0.010388 seconds .

========================================================================
Received Import Request.
  Time since last request: 0.043537 seconds.
  path: Assets/LowlyPoly/Free Stylized Textures/Textures/vol_2_3_Wood_Ambient_Occlusion.png
  artifactKey: Guid(b14c4799c9487dc42a880da5a7c5892a) Importer(815301076,1909f56bfc062723c751e8b465ee728b)
Start importing Assets/LowlyPoly/Free Stylized Textures/Textures/vol_2_3_Wood_Ambient_Occlusion.png using Guid(b14c4799c9487dc42a880da5a7c5892a) Importer(815301076,1909f56bfc062723c751e8b465ee728b)  -> (artifact id: '30416fe20999f0d02f74ca027dee7a4f') in 0.018141 seconds 
  Import took 0.020781 seconds .

========================================================================
Received Import Request.
  Time since last request: 0.000241 seconds.
  path: Assets/LowlyPoly/Free Stylized Textures/Textures/Vol_23_1_Rocks_Roughness.png
  artifactKey: Guid(1288cf61212e10c4391b6a2f9a85739f) Importer(815301076,1909f56bfc062723c751e8b465ee728b)
Start importing Assets/LowlyPoly/Free Stylized Textures/Textures/Vol_23_1_Rocks_Roughness.png using Guid(1288cf61212e10c4391b6a2f9a85739f) Importer(815301076,1909f56bfc062723c751e8b465ee728b)  -> (artifact id: '3f385df20db967d8630f92f8426ccdb2') in 0.026997 seconds 
  Import took 0.029642 seconds .

========================================================================
Received Import Request.
  Time since last request: 0.000240 seconds.
  path: Assets/LowlyPoly/Free Stylized Textures/Textures/Vol_26_2_Cliffs_Ambient_Occlusion.png
  artifactKey: Guid(5fdfdb38e6aa18749b19bfe3a1c91a31) Importer(815301076,1909f56bfc062723c751e8b465ee728b)
Start importing Assets/LowlyPoly/Free Stylized Textures/Textures/Vol_26_2_Cliffs_Ambient_Occlusion.png using Guid(5fdfdb38e6aa18749b19bfe3a1c91a31) Importer(815301076,1909f56bfc062723c751e8b465ee728b)  -> (artifact id: 'eb1984b528b69c3879ed6b458aa4fc25') in 0.017722 seconds 
  Import took 0.020745 seconds .

========================================================================
Received Import Request.
  Time since last request: 0.000334 seconds.
  path: Assets/LowlyPoly/Free Stylized Textures/Textures/Vol_26_2_Cliffs_Base_Color.png
  artifactKey: Guid(b198aa877543bae4390e4cc0e72be934) Importer(815301076,1909f56bfc062723c751e8b465ee728b)
Start importing Assets/LowlyPoly/Free Stylized Textures/Textures/Vol_26_2_Cliffs_Base_Color.png using Guid(b198aa877543bae4390e4cc0e72be934) Importer(815301076,1909f56bfc062723c751e8b465ee728b)  -> (artifact id: 'edad061e6548d25b2466e3a68c389811') in 0.017575 seconds 
  Import took 0.021081 seconds .

========================================================================
Received Import Request.
  Time since last request: 0.000253 seconds.
  path: Assets/LowlyPoly/Free Stylized Textures/Textures/Vol_16_2_Sand_Roughness.png
  artifactKey: Guid(04c0fe5e0cf253a48a1fbf82b9666e96) Importer(815301076,1909f56bfc062723c751e8b465ee728b)
Start importing Assets/LowlyPoly/Free Stylized Textures/Textures/Vol_16_2_Sand_Roughness.png using Guid(04c0fe5e0cf253a48a1fbf82b9666e96) Importer(815301076,1909f56bfc062723c751e8b465ee728b)  -> (artifact id: '8e68fcbb06fb4c301d1dc3d8bfffd980') in 0.019016 seconds 
  Import took 0.022664 seconds .

========================================================================
Received Import Request.
  Time since last request: 0.000470 seconds.
  path: Assets/LowlyPoly/Free Stylized Textures/Textures/Vol_7_1_Tiles_Base_Color.png
  artifactKey: Guid(aa3e95facbcb2874ea5d0fa0ce8ab8f2) Importer(815301076,1909f56bfc062723c751e8b465ee728b)
Start importing Assets/LowlyPoly/Free Stylized Textures/Textures/Vol_7_1_Tiles_Base_Color.png using Guid(aa3e95facbcb2874ea5d0fa0ce8ab8f2) Importer(815301076,1909f56bfc062723c751e8b465ee728b)  -> (artifact id: '1eeb92b2d4e07907b0565f1e7e7ecfad') in 0.020095 seconds 
  Import took 0.023953 seconds .

========================================================================
Received Import Request.
  Time since last request: 0.000407 seconds.
  path: Assets/LowlyPoly/Free Stylized Textures/Textures/Vol_23_1_Rocks_Ambient_Occlusion.png
  artifactKey: Guid(ef520d91c394e83498031f05027a96fa) Importer(815301076,1909f56bfc062723c751e8b465ee728b)
Start importing Assets/LowlyPoly/Free Stylized Textures/Textures/Vol_23_1_Rocks_Ambient_Occlusion.png using Guid(ef520d91c394e83498031f05027a96fa) Importer(815301076,1909f56bfc062723c751e8b465ee728b)  -> (artifact id: 'b41515198c29e935ef654e46c8ecead0') in 0.021620 seconds 
  Import took 0.024580 seconds .

========================================================================
Received Import Request.
  Time since last request: 0.000230 seconds.
  path: Assets/LowlyPoly/Free Stylized Textures/Textures/Vol_23_1_Rocks_Normal.png
  artifactKey: Guid(89afee2ff7c99f14fb6b93db354adbc5) Importer(815301076,1909f56bfc062723c751e8b465ee728b)
Start importing Assets/LowlyPoly/Free Stylized Textures/Textures/Vol_23_1_Rocks_Normal.png using Guid(89afee2ff7c99f14fb6b93db354adbc5) Importer(815301076,1909f56bfc062723c751e8b465ee728b)  -> (artifact id: 'c75c5c3c8653d6c59e6d8cfe36767f83') in 0.027647 seconds 
  Import took 0.030983 seconds .

========================================================================
Received Import Request.
  Time since last request: 0.000295 seconds.
  path: Assets/LowlyPoly/Free Stylized Textures/Textures/Vol_19_4_Dirt_Base_Color.png
  artifactKey: Guid(7332c22810418e940a28b569ff493cf2) Importer(815301076,1909f56bfc062723c751e8b465ee728b)
Start importing Assets/LowlyPoly/Free Stylized Textures/Textures/Vol_19_4_Dirt_Base_Color.png using Guid(7332c22810418e940a28b569ff493cf2) Importer(815301076,1909f56bfc062723c751e8b465ee728b)  -> (artifact id: '1289c2edd7ab82491690f5943bfa4079') in 0.022208 seconds 
  Import took 0.024992 seconds .

========================================================================
Received Import Request.
  Time since last request: 0.000236 seconds.
  path: Assets/LowlyPoly/Free Stylized Textures/Textures/Vol_23_1_Rocks_Base_Color.png
  artifactKey: Guid(baf23df249cc3974fafd9a18167df712) Importer(815301076,1909f56bfc062723c751e8b465ee728b)
Start importing Assets/LowlyPoly/Free Stylized Textures/Textures/Vol_23_1_Rocks_Base_Color.png using Guid(baf23df249cc3974fafd9a18167df712) Importer(815301076,1909f56bfc062723c751e8b465ee728b)  -> (artifact id: 'd6460058d94c327417fc9a728460200e') in 0.023279 seconds 
  Import took 0.026459 seconds .

========================================================================
Received Import Request.
  Time since last request: 0.000434 seconds.
  path: Assets/LowlyPoly/Free Stylized Textures/Textures/vol_2_3_Wood_Height.png
  artifactKey: Guid(f8af072333a7c6e49a1a1de5d106e5c4) Importer(815301076,1909f56bfc062723c751e8b465ee728b)
Start importing Assets/LowlyPoly/Free Stylized Textures/Textures/vol_2_3_Wood_Height.png using Guid(f8af072333a7c6e49a1a1de5d106e5c4) Importer(815301076,1909f56bfc062723c751e8b465ee728b)  -> (artifact id: 'c00725727dc2e6a4aff860671705c6ba') in 0.019649 seconds 
  Import took 0.022824 seconds .

========================================================================
Received Import Request.
  Time since last request: 0.000246 seconds.
  path: Assets/LowlyPoly/Free Stylized Textures/Textures/Vol_16_2_Sand_Height.png
  artifactKey: Guid(e750983d767f3e546a43fc035a7d2d6d) Importer(815301076,1909f56bfc062723c751e8b465ee728b)
Start importing Assets/LowlyPoly/Free Stylized Textures/Textures/Vol_16_2_Sand_Height.png using Guid(e750983d767f3e546a43fc035a7d2d6d) Importer(815301076,1909f56bfc062723c751e8b465ee728b)  -> (artifact id: 'c2e7a5d487efcca2d1de1a7cb4915580') in 0.024735 seconds 
  Import took 0.027530 seconds .

========================================================================
Received Import Request.
  Time since last request: 0.000208 seconds.
  path: Assets/LowlyPoly/Free Stylized Textures/Textures/Vol_16_2_Sand_Base_Color.png
  artifactKey: Guid(94ddededa5cbf2242b63ddd549cfba38) Importer(815301076,1909f56bfc062723c751e8b465ee728b)
Start importing Assets/LowlyPoly/Free Stylized Textures/Textures/Vol_16_2_Sand_Base_Color.png using Guid(94ddededa5cbf2242b63ddd549cfba38) Importer(815301076,1909f56bfc062723c751e8b465ee728b)  -> (artifact id: 'a6250d9ee61ff4295a474f164926898c') in 0.017184 seconds 
  Import took 0.020777 seconds .

========================================================================
Received Import Request.
  Time since last request: 0.000337 seconds.
  path: Assets/LowlyPoly/Free Stylized Textures/Textures/Vol_19_4_Dirt_Height.png
  artifactKey: Guid(8935825f0cada30479d8d7fdf4de5808) Importer(815301076,1909f56bfc062723c751e8b465ee728b)
Start importing Assets/LowlyPoly/Free Stylized Textures/Textures/Vol_19_4_Dirt_Height.png using Guid(8935825f0cada30479d8d7fdf4de5808) Importer(815301076,1909f56bfc062723c751e8b465ee728b)  -> (artifact id: '05b7fd5e1e34cfb5c588d71777bd08a2') in 0.022490 seconds 
  Import took 0.025399 seconds .

========================================================================
Received Import Request.
  Time since last request: 0.000246 seconds.
  path: Assets/LowlyPoly/Free Stylized Textures/Textures/Vol_19_4_Dirt_Roughness.png
  artifactKey: Guid(77f420355d0afa849827304d8e765818) Importer(815301076,1909f56bfc062723c751e8b465ee728b)
Start importing Assets/LowlyPoly/Free Stylized Textures/Textures/Vol_19_4_Dirt_Roughness.png using Guid(77f420355d0afa849827304d8e765818) Importer(815301076,1909f56bfc062723c751e8b465ee728b)  -> (artifact id: '5e8fe978157aa0e4684c2262e1b9e56c') in 0.022319 seconds 
  Import took 0.025088 seconds .

========================================================================
Received Import Request.
  Time since last request: 0.000261 seconds.
  path: Assets/LowlyPoly/Free Stylized Textures/Textures/Vol_19_4_Dirt_Normal.png
  artifactKey: Guid(f127ee87898056e47946fab0b9123fc9) Importer(815301076,1909f56bfc062723c751e8b465ee728b)
Start importing Assets/LowlyPoly/Free Stylized Textures/Textures/Vol_19_4_Dirt_Normal.png using Guid(f127ee87898056e47946fab0b9123fc9) Importer(815301076,1909f56bfc062723c751e8b465ee728b)  -> (artifact id: '52405de003df32988def250ace62a577') in 0.026326 seconds 
  Import took 0.029782 seconds .

========================================================================
Received Import Request.
  Time since last request: 0.000378 seconds.
  path: Assets/LowlyPoly/Free Stylized Textures/Textures/Vol_26_2_Cliffs_Height.png
  artifactKey: Guid(2c395f3ea5a3b5e40bfe2b47798518cf) Importer(815301076,1909f56bfc062723c751e8b465ee728b)
Start importing Assets/LowlyPoly/Free Stylized Textures/Textures/Vol_26_2_Cliffs_Height.png using Guid(2c395f3ea5a3b5e40bfe2b47798518cf) Importer(815301076,1909f56bfc062723c751e8b465ee728b)  -> (artifact id: 'fba29b1bc2cc829a8b66e4c62f58772a') in 0.020506 seconds 
  Import took 0.023418 seconds .

========================================================================
Received Import Request.
  Time since last request: 0.000229 seconds.
  path: Assets/LowlyPoly/Free Stylized Textures/Textures/vol_2_3_Wood_Roughness.png
  artifactKey: Guid(37523e5dd9dadd64d95c93dbdaf265ef) Importer(815301076,1909f56bfc062723c751e8b465ee728b)
Start importing Assets/LowlyPoly/Free Stylized Textures/Textures/vol_2_3_Wood_Roughness.png using Guid(37523e5dd9dadd64d95c93dbdaf265ef) Importer(815301076,1909f56bfc062723c751e8b465ee728b)  -> (artifact id: '353ba7f297b53372996df331114ef0e0') in 0.021263 seconds 
  Import took 0.024657 seconds .

========================================================================
Received Import Request.
  Time since last request: 0.000356 seconds.
  path: Assets/LowlyPoly/Free Stylized Textures/Textures/Vol_7_1_Tiles_Normal.png
  artifactKey: Guid(8931af16587629c4187693a56cd9de54) Importer(815301076,1909f56bfc062723c751e8b465ee728b)
Start importing Assets/LowlyPoly/Free Stylized Textures/Textures/Vol_7_1_Tiles_Normal.png using Guid(8931af16587629c4187693a56cd9de54) Importer(815301076,1909f56bfc062723c751e8b465ee728b)  -> (artifact id: 'ec34f2ae1b718eb80d5c7f9f508f06d4') in 0.024019 seconds 
  Import took 0.027499 seconds .

========================================================================
Received Import Request.
  Time since last request: 0.000264 seconds.
  path: Assets/LowlyPoly/Free Stylized Textures/Textures/vol_2_3_Wood_Normal.png
  artifactKey: Guid(daa033572df9d20419e6c927ff2c2c91) Importer(815301076,1909f56bfc062723c751e8b465ee728b)
Start importing Assets/LowlyPoly/Free Stylized Textures/Textures/vol_2_3_Wood_Normal.png using Guid(daa033572df9d20419e6c927ff2c2c91) Importer(815301076,1909f56bfc062723c751e8b465ee728b)  -> (artifact id: 'c939e7b63fbca9179f6e207fa671732c') in 0.022841 seconds 
  Import took 0.026223 seconds .

========================================================================
Received Import Request.
  Time since last request: 0.000433 seconds.
  path: Assets/LowlyPoly/Free Stylized Textures/Textures/Vol_18_2_Metals_Ambient_Occlusion.png
  artifactKey: Guid(8673ac5a196c5e7429bd829afd0092a8) Importer(815301076,1909f56bfc062723c751e8b465ee728b)
Start importing Assets/LowlyPoly/Free Stylized Textures/Textures/Vol_18_2_Metals_Ambient_Occlusion.png using Guid(8673ac5a196c5e7429bd829afd0092a8) Importer(815301076,1909f56bfc062723c751e8b465ee728b)  -> (artifact id: '3d1a8d2e95cf22bde5af9e19f03bd637') in 0.021584 seconds 
  Import took 0.024528 seconds .

========================================================================
Received Import Request.
  Time since last request: 0.000257 seconds.
  path: Assets/LowlyPoly/Free Stylized Textures/Textures/Vol_19_4_Dirt_Ambient_Occlusion.png
  artifactKey: Guid(57d96d9d393c75743b9207eddd2e69b1) Importer(815301076,1909f56bfc062723c751e8b465ee728b)
Start importing Assets/LowlyPoly/Free Stylized Textures/Textures/Vol_19_4_Dirt_Ambient_Occlusion.png using Guid(57d96d9d393c75743b9207eddd2e69b1) Importer(815301076,1909f56bfc062723c751e8b465ee728b)  -> (artifact id: '55b5037cf3997c8619c32eecb3b7349a') in 0.020888 seconds 
  Import took 0.024220 seconds .

========================================================================
Received Import Request.
  Time since last request: 0.000350 seconds.
  path: Assets/LowlyPoly/Free Stylized Textures/Textures/Vol_18_2_Metals_Base_Color.png
  artifactKey: Guid(2f11c4bf57fe64b4f859276390ae902d) Importer(815301076,1909f56bfc062723c751e8b465ee728b)
Start importing Assets/LowlyPoly/Free Stylized Textures/Textures/Vol_18_2_Metals_Base_Color.png using Guid(2f11c4bf57fe64b4f859276390ae902d) Importer(815301076,1909f56bfc062723c751e8b465ee728b)  -> (artifact id: '23ad3de26e9a5f73ea7bd58e4d2de94f') in 0.023844 seconds 
  Import took 0.027622 seconds .

========================================================================
Received Import Request.
  Time since last request: 0.000301 seconds.
  path: Assets/LowlyPoly/Free Stylized Textures/Textures/Vol_18_2_Metals_Roughness.png
  artifactKey: Guid(07eba06918980414fac775f3dc6fcc35) Importer(815301076,1909f56bfc062723c751e8b465ee728b)
Start importing Assets/LowlyPoly/Free Stylized Textures/Textures/Vol_18_2_Metals_Roughness.png using Guid(07eba06918980414fac775f3dc6fcc35) Importer(815301076,1909f56bfc062723c751e8b465ee728b)  -> (artifact id: 'db17e0ba46eb6ea460f56b4f5b7fd40b') in 0.020306 seconds 
  Import took 0.023507 seconds .

========================================================================
Received Import Request.
  Time since last request: 0.000257 seconds.
  path: Assets/LowlyPoly/Free Stylized Textures/Textures/Vol_16_2_Sand_Normal.png
  artifactKey: Guid(4afc1765a23e31b4d91c3c7223087506) Importer(815301076,1909f56bfc062723c751e8b465ee728b)
Start importing Assets/LowlyPoly/Free Stylized Textures/Textures/Vol_16_2_Sand_Normal.png using Guid(4afc1765a23e31b4d91c3c7223087506) Importer(815301076,1909f56bfc062723c751e8b465ee728b)  -> (artifact id: '5296b04298dbe3964b9f9292fbfe73b9') in 0.021074 seconds 
  Import took 0.024849 seconds .

========================================================================
Received Import Request.
  Time since last request: 0.000306 seconds.
  path: Assets/LowlyPoly/Free Stylized Textures/Textures/Vol_7_1_Tiles_Height.png
  artifactKey: Guid(6d7c872c3a1aea8448fd8eb308df97f3) Importer(815301076,1909f56bfc062723c751e8b465ee728b)
Start importing Assets/LowlyPoly/Free Stylized Textures/Textures/Vol_7_1_Tiles_Height.png using Guid(6d7c872c3a1aea8448fd8eb308df97f3) Importer(815301076,1909f56bfc062723c751e8b465ee728b)  -> (artifact id: 'c2268972abb5804f6229084a04c59183') in 0.018453 seconds 
  Import took 0.022093 seconds .

========================================================================
Received Import Request.
  Time since last request: 0.000228 seconds.
  path: Assets/LowlyPoly/Free Stylized Textures/Textures/Vol_18_2_Metals_Height.png
  artifactKey: Guid(14f529fbbf88335498841aefa9baf5bc) Importer(815301076,1909f56bfc062723c751e8b465ee728b)
Start importing Assets/LowlyPoly/Free Stylized Textures/Textures/Vol_18_2_Metals_Height.png using Guid(14f529fbbf88335498841aefa9baf5bc) Importer(815301076,1909f56bfc062723c751e8b465ee728b)  -> (artifact id: 'a48805259fd5f7511e41336490574e69') in 0.020486 seconds 
  Import took 0.023926 seconds .

========================================================================
Received Import Request.
  Time since last request: 0.000304 seconds.
  path: Assets/LowlyPoly/Free Stylized Textures/Textures/Vol_7_1_Tiles_Roughness.png
  artifactKey: Guid(aeba06a561ff961458da37a0a69eea0c) Importer(815301076,1909f56bfc062723c751e8b465ee728b)
Start importing Assets/LowlyPoly/Free Stylized Textures/Textures/Vol_7_1_Tiles_Roughness.png using Guid(aeba06a561ff961458da37a0a69eea0c) Importer(815301076,1909f56bfc062723c751e8b465ee728b)  -> (artifact id: '2fdd3d1ecd6bd972b67e3152da96c1fd') in 0.019277 seconds 
  Import took 0.023594 seconds .

========================================================================
Received Import Request.
  Time since last request: 0.000254 seconds.
  path: Assets/LowlyPoly/Free Stylized Textures/Textures/vol_2_3_Wood_Base_Color.png
  artifactKey: Guid(9c4040e552b4ecf4c80b8f1c96d2aca2) Importer(815301076,1909f56bfc062723c751e8b465ee728b)
Start importing Assets/LowlyPoly/Free Stylized Textures/Textures/vol_2_3_Wood_Base_Color.png using Guid(9c4040e552b4ecf4c80b8f1c96d2aca2) Importer(815301076,1909f56bfc062723c751e8b465ee728b)  -> (artifact id: 'fdae5191bf65ad4b5164cb378fa7a378') in 0.023314 seconds 
  Import took 0.026503 seconds .

========================================================================
Received Import Request.
  Time since last request: 0.000240 seconds.
  path: Assets/LowlyPoly/Free Stylized Textures/Textures/Vol_16_2_Sand_Ambient_Occlusion.png
  artifactKey: Guid(87371d6475acff34aaf1fd4596845388) Importer(815301076,1909f56bfc062723c751e8b465ee728b)
Start importing Assets/LowlyPoly/Free Stylized Textures/Textures/Vol_16_2_Sand_Ambient_Occlusion.png using Guid(87371d6475acff34aaf1fd4596845388) Importer(815301076,1909f56bfc062723c751e8b465ee728b)  -> (artifact id: '80f5896dbbdeff1d0886f2a6d6e5e5c2') in 0.017724 seconds 
  Import took 0.021125 seconds .

========================================================================
Received Import Request.
  Time since last request: 0.000268 seconds.
  path: Assets/LowlyPoly/Free Stylized Textures/Textures/Vol_7_1_Tiles_Ambient_Occlusion.png
  artifactKey: Guid(2d369e16f5f84a04c83c22731a20390f) Importer(815301076,1909f56bfc062723c751e8b465ee728b)
Start importing Assets/LowlyPoly/Free Stylized Textures/Textures/Vol_7_1_Tiles_Ambient_Occlusion.png using Guid(2d369e16f5f84a04c83c22731a20390f) Importer(815301076,1909f56bfc062723c751e8b465ee728b)  -> (artifact id: 'd2ff505574a721066846cf92ab178036') in 0.022467 seconds 
  Import took 0.026035 seconds .

========================================================================
Received Import Request.
  Time since last request: 0.000399 seconds.
  path: Assets/LowlyPoly/Free Stylized Textures/Textures/Vol_18_2_Metals_Normal.png
  artifactKey: Guid(e3ca3f1466bc02b4692c4d3673d16df5) Importer(815301076,1909f56bfc062723c751e8b465ee728b)
Start importing Assets/LowlyPoly/Free Stylized Textures/Textures/Vol_18_2_Metals_Normal.png using Guid(e3ca3f1466bc02b4692c4d3673d16df5) Importer(815301076,1909f56bfc062723c751e8b465ee728b)  -> (artifact id: '3c6a8fe6d1929bdd706d7a2aa9239614') in 0.021056 seconds 
  Import took 0.024654 seconds .

========================================================================
Received Import Request.
  Time since last request: 0.000251 seconds.
  path: Assets/LowlyPoly/Free Stylized Textures/Textures/Vol_23_1_Rocks_Height.png
  artifactKey: Guid(5dd5833fe203510408d24955f0ab7284) Importer(815301076,1909f56bfc062723c751e8b465ee728b)
Start importing Assets/LowlyPoly/Free Stylized Textures/Textures/Vol_23_1_Rocks_Height.png using Guid(5dd5833fe203510408d24955f0ab7284) Importer(815301076,1909f56bfc062723c751e8b465ee728b)  -> (artifact id: '5d8f729337b1af37a91b8366f5cee09a') in 0.024142 seconds 
  Import took 0.027311 seconds .

========================================================================
Received Import Request.
  Time since last request: 1.938024 seconds.
  path: Assets/LowlyPoly/Free Stylized Textures/Materials
  artifactKey: Guid(be4a79b8d4889a84ba17d42e930993c7) Importer(815301076,1909f56bfc062723c751e8b465ee728b)
Start importing Assets/LowlyPoly/Free Stylized Textures/Materials using Guid(be4a79b8d4889a84ba17d42e930993c7) Importer(815301076,1909f56bfc062723c751e8b465ee728b)  -> (artifact id: '15ee9256bf25d0f067357189aace08d9') in 0.008815 seconds 
  Import took 0.011715 seconds .

========================================================================
Received Import Request.
  Time since last request: 0.047135 seconds.
  path: Assets/LowlyPoly/Free Stylized Textures/Materials/Vol_2_3_Wood.mat
  artifactKey: Guid(e2782bd09fb749e4f8c457cb9c8cc6cd) Importer(815301076,1909f56bfc062723c751e8b465ee728b)
Start importing Assets/LowlyPoly/Free Stylized Textures/Materials/Vol_2_3_Wood.mat using Guid(e2782bd09fb749e4f8c457cb9c8cc6cd) Importer(815301076,1909f56bfc062723c751e8b465ee728b)  -> (artifact id: '7e6164ab12c52c21501f79076ce92705') in 0.300729 seconds 
  Import took 0.303767 seconds .

========================================================================
Received Import Request.
  Time since last request: 0.000254 seconds.
  path: Assets/LowlyPoly/Free Stylized Textures/Materials/Vol_16_2_Sand.mat
  artifactKey: Guid(49f3385eb1c319941be8623439f1eb49) Importer(815301076,1909f56bfc062723c751e8b465ee728b)
Start importing Assets/LowlyPoly/Free Stylized Textures/Materials/Vol_16_2_Sand.mat using Guid(49f3385eb1c319941be8623439f1eb49) Importer(815301076,1909f56bfc062723c751e8b465ee728b)  -> (artifact id: 'f9baae15f442d51049b0aa78773eea30') in 0.040874 seconds 
  Import took 0.043990 seconds .

========================================================================
Received Import Request.
  Time since last request: 0.000244 seconds.
  path: Assets/LowlyPoly/Free Stylized Textures/Materials/Vol_27_4_Lava.mat
  artifactKey: Guid(7ea77b3e49c1d61409582be7e98d0d61) Importer(815301076,1909f56bfc062723c751e8b465ee728b)
Start importing Assets/LowlyPoly/Free Stylized Textures/Materials/Vol_27_4_Lava.mat using Guid(7ea77b3e49c1d61409582be7e98d0d61) Importer(815301076,1909f56bfc062723c751e8b465ee728b)  -> (artifact id: 'feda2a49d5d03aa2c6a9f4d540cf8ee0') in 0.040602 seconds 
  Import took 0.043643 seconds .

========================================================================
Received Import Request.
  Time since last request: 0.000249 seconds.
  path: Assets/LowlyPoly/Free Stylized Textures/Materials/Vol_34_2_Tiles.mat
  artifactKey: Guid(ebabfdf81fc72414f9921cfe2ed4b652) Importer(815301076,1909f56bfc062723c751e8b465ee728b)
Start importing Assets/LowlyPoly/Free Stylized Textures/Materials/Vol_34_2_Tiles.mat using Guid(ebabfdf81fc72414f9921cfe2ed4b652) Importer(815301076,1909f56bfc062723c751e8b465ee728b)  -> (artifact id: '6f83a66ae1160eb63176ed0b4970973e') in 0.207059 seconds 
  Import took 0.210054 seconds .

========================================================================
Received Import Request.
  Time since last request: 0.000242 seconds.
  path: Assets/LowlyPoly/Free Stylized Textures/Materials/Vol_19_4_Dirt.mat
  artifactKey: Guid(d24bde530a6cd174cb70a68743168031) Importer(815301076,1909f56bfc062723c751e8b465ee728b)
Start importing Assets/LowlyPoly/Free Stylized Textures/Materials/Vol_19_4_Dirt.mat using Guid(d24bde530a6cd174cb70a68743168031) Importer(815301076,1909f56bfc062723c751e8b465ee728b)  -> (artifact id: 'f0c11e13417003c9a8a60273f5a977c5') in 0.033838 seconds 
  Import took 0.036879 seconds .

========================================================================
Received Import Request.
  Time since last request: 0.000229 seconds.
  path: Assets/LowlyPoly/Free Stylized Textures/Materials/Vol_58_1_Surface.mat
  artifactKey: Guid(e94c7625cd2e80d4e8fd19b24fc89d93) Importer(815301076,1909f56bfc062723c751e8b465ee728b)
Start importing Assets/LowlyPoly/Free Stylized Textures/Materials/Vol_58_1_Surface.mat using Guid(e94c7625cd2e80d4e8fd19b24fc89d93) Importer(815301076,1909f56bfc062723c751e8b465ee728b)  -> (artifact id: '1bd0615530df0a10674c55ecafb1b099') in 0.314315 seconds 
  Import took 0.317514 seconds .

========================================================================
Received Import Request.
  Time since last request: 0.000237 seconds.
  path: Assets/LowlyPoly/Free Stylized Textures/Materials/Vol_23_1_Rocks.mat
  artifactKey: Guid(43ca10b6d3421d546832de715a9d893f) Importer(815301076,1909f56bfc062723c751e8b465ee728b)
Start importing Assets/LowlyPoly/Free Stylized Textures/Materials/Vol_23_1_Rocks.mat using Guid(43ca10b6d3421d546832de715a9d893f) Importer(815301076,1909f56bfc062723c751e8b465ee728b)  -> (artifact id: 'b322ed2c13d867b89d2e60bb81ee8f4a') in 0.070764 seconds 
  Import took 0.074465 seconds .

========================================================================
Received Import Request.
  Time since last request: 0.000317 seconds.
  path: Assets/LowlyPoly/Free Stylized Textures/Materials/Vol_42_1_Vegetation.mat
  artifactKey: Guid(9c3435b7cf3210044b3a24266d8aebf1) Importer(815301076,1909f56bfc062723c751e8b465ee728b)
Start importing Assets/LowlyPoly/Free Stylized Textures/Materials/Vol_42_1_Vegetation.mat using Guid(9c3435b7cf3210044b3a24266d8aebf1) Importer(815301076,1909f56bfc062723c751e8b465ee728b)  -> (artifact id: 'e2da3b54d9d9db5e1e917561a900d4f2') in 0.050833 seconds 
  Import took 0.054439 seconds .

========================================================================
Received Import Request.
  Time since last request: 0.000239 seconds.
  path: Assets/LowlyPoly/Free Stylized Textures/Materials/Vol_49_5_Rocks.mat
  artifactKey: Guid(67436367136736141b5c7e131555c4d1) Importer(815301076,1909f56bfc062723c751e8b465ee728b)
Start importing Assets/LowlyPoly/Free Stylized Textures/Materials/Vol_49_5_Rocks.mat using Guid(67436367136736141b5c7e131555c4d1) Importer(815301076,1909f56bfc062723c751e8b465ee728b)  -> (artifact id: '5257794c68ba54e7b02b23014c47f872') in 0.033835 seconds 
  Import took 0.037347 seconds .

========================================================================
Received Import Request.
  Time since last request: 0.000547 seconds.
  path: Assets/LowlyPoly/Free Stylized Textures/Materials/Vol_67_3_Tile.mat
  artifactKey: Guid(b45a15fff385e4a46ab2bf7a9b0214e8) Importer(815301076,1909f56bfc062723c751e8b465ee728b)
Start importing Assets/LowlyPoly/Free Stylized Textures/Materials/Vol_67_3_Tile.mat using Guid(b45a15fff385e4a46ab2bf7a9b0214e8) Importer(815301076,1909f56bfc062723c751e8b465ee728b)  -> (artifact id: 'a33cc56f4c23b337eedd4a4830519da6') in 0.035189 seconds 
  Import took 0.039176 seconds .

========================================================================
Received Import Request.
  Time since last request: 0.000403 seconds.
  path: Assets/LowlyPoly/Free Stylized Textures/Materials/Vol_81_3_Sci-fi.mat
  artifactKey: Guid(d12d326c7ff660a40aed23b21d98c6ad) Importer(815301076,1909f56bfc062723c751e8b465ee728b)
Start importing Assets/LowlyPoly/Free Stylized Textures/Materials/Vol_81_3_Sci-fi.mat using Guid(d12d326c7ff660a40aed23b21d98c6ad) Importer(815301076,1909f56bfc062723c751e8b465ee728b)  -> (artifact id: '42db8c5f0d72f9be03c79e91a65c65fe') in 0.032097 seconds 
  Import took 0.036205 seconds .

========================================================================
Received Import Request.
  Time since last request: 0.000379 seconds.
  path: Assets/LowlyPoly/Free Stylized Textures/Materials/Vol_7_1_Tiles.mat
  artifactKey: Guid(d7345edb353d0794296950a9adb3ad4d) Importer(815301076,1909f56bfc062723c751e8b465ee728b)
Start importing Assets/LowlyPoly/Free Stylized Textures/Materials/Vol_7_1_Tiles.mat using Guid(d7345edb353d0794296950a9adb3ad4d) Importer(815301076,1909f56bfc062723c751e8b465ee728b)  -> (artifact id: '85d4bc175a8542fa7ec38192898f6dfa') in 0.030169 seconds 
  Import took 0.033879 seconds .

========================================================================
Received Import Request.
  Time since last request: 0.000371 seconds.
  path: Assets/LowlyPoly/Free Stylized Textures/Materials/Vol_100_1_Pixel.mat
  artifactKey: Guid(b1a8a6908ca5ad247ad05e4d89150386) Importer(815301076,1909f56bfc062723c751e8b465ee728b)
Start importing Assets/LowlyPoly/Free Stylized Textures/Materials/Vol_100_1_Pixel.mat using Guid(b1a8a6908ca5ad247ad05e4d89150386) Importer(815301076,1909f56bfc062723c751e8b465ee728b)  -> (artifact id: 'afe0c93a11f48b177916565dc01be026') in 0.030766 seconds 
  Import took 0.035139 seconds .

========================================================================
Received Import Request.
  Time since last request: 0.000233 seconds.
  path: Assets/LowlyPoly/Free Stylized Textures/Materials/Vol_26_2_Cliffs.mat
  artifactKey: Guid(0c2d13c3615510e4a8debaef5c39c3de) Importer(815301076,1909f56bfc062723c751e8b465ee728b)
Start importing Assets/LowlyPoly/Free Stylized Textures/Materials/Vol_26_2_Cliffs.mat using Guid(0c2d13c3615510e4a8debaef5c39c3de) Importer(815301076,1909f56bfc062723c751e8b465ee728b)  -> (artifact id: 'ab2db706ec48b32268fa9005b237389e') in 0.029029 seconds 
  Import took 0.032266 seconds .

========================================================================
Received Import Request.
  Time since last request: 0.000236 seconds.
  path: Assets/LowlyPoly/Free Stylized Textures/Materials/Vol_79_5_Sci-fi.mat
  artifactKey: Guid(378426c27b3a38f4f9e38126b22973fc) Importer(815301076,1909f56bfc062723c751e8b465ee728b)
Start importing Assets/LowlyPoly/Free Stylized Textures/Materials/Vol_79_5_Sci-fi.mat using Guid(378426c27b3a38f4f9e38126b22973fc) Importer(815301076,1909f56bfc062723c751e8b465ee728b)  -> (artifact id: 'b61e218605cfb8e9c48ee037a8d92954') in 0.030547 seconds 
  Import took 0.034240 seconds .

========================================================================
Received Import Request.
  Time since last request: 0.000246 seconds.
  path: Assets/LowlyPoly/Free Stylized Textures/Materials/Vol_35_3_Lava.mat
  artifactKey: Guid(b7bcd7c6b3acb3241b0d5af1a358b19b) Importer(815301076,1909f56bfc062723c751e8b465ee728b)
Start importing Assets/LowlyPoly/Free Stylized Textures/Materials/Vol_35_3_Lava.mat using Guid(b7bcd7c6b3acb3241b0d5af1a358b19b) Importer(815301076,1909f56bfc062723c751e8b465ee728b)  -> (artifact id: '32dcc67ef119f0c4272317f2642fa460') in 0.148732 seconds 
  Import took 0.152228 seconds .

========================================================================
Received Import Request.
  Time since last request: 0.000265 seconds.
  path: Assets/LowlyPoly/Free Stylized Textures/Materials/Vol_30_3_Roofs.mat
  artifactKey: Guid(78f6c3f1d47eef84f9ee5e607fad4c0c) Importer(815301076,1909f56bfc062723c751e8b465ee728b)
Start importing Assets/LowlyPoly/Free Stylized Textures/Materials/Vol_30_3_Roofs.mat using Guid(78f6c3f1d47eef84f9ee5e607fad4c0c) Importer(815301076,1909f56bfc062723c751e8b465ee728b)  -> (artifact id: '218f63f35654edd099f0379342043b1a') in 0.037269 seconds 
  Import took 0.040604 seconds .

========================================================================
Received Import Request.
  Time since last request: 0.000285 seconds.
  path: Assets/LowlyPoly/Free Stylized Textures/Materials/Vol_18_2_Metals.mat
  artifactKey: Guid(118675f9ee3b22c43a2f8841d6206b1b) Importer(815301076,1909f56bfc062723c751e8b465ee728b)
Start importing Assets/LowlyPoly/Free Stylized Textures/Materials/Vol_18_2_Metals.mat using Guid(118675f9ee3b22c43a2f8841d6206b1b) Importer(815301076,1909f56bfc062723c751e8b465ee728b)  -> (artifact id: '6896a9149316c36fc2987f72aee82de3') in 0.043413 seconds 
  Import took 0.046585 seconds .

========================================================================
Received Import Request.
  Time since last request: 0.000281 seconds.
  path: Assets/LowlyPoly/Free Stylized Textures/Materials/Vol_46_2_Tiles.mat
  artifactKey: Guid(7f46efa3bb98bb44ea780a4a417b4f75) Importer(815301076,1909f56bfc062723c751e8b465ee728b)
Start importing Assets/LowlyPoly/Free Stylized Textures/Materials/Vol_46_2_Tiles.mat using Guid(7f46efa3bb98bb44ea780a4a417b4f75) Importer(815301076,1909f56bfc062723c751e8b465ee728b)  -> (artifact id: 'a991297bf068e66f20ea8ce0a4ac425f') in 0.031301 seconds 
  Import took 0.034772 seconds .

========================================================================
Received Import Request.
  Time since last request: 0.000280 seconds.
  path: Assets/LowlyPoly/Free Stylized Textures/Materials/Vol_36_5_Water.mat
  artifactKey: Guid(490c25b2fda35fc4582a9582c4179ad5) Importer(815301076,1909f56bfc062723c751e8b465ee728b)
Start importing Assets/LowlyPoly/Free Stylized Textures/Materials/Vol_36_5_Water.mat using Guid(490c25b2fda35fc4582a9582c4179ad5) Importer(815301076,1909f56bfc062723c751e8b465ee728b)  -> (artifact id: '26ae70e8002f2b98daf76b507f843c6c') in 0.031835 seconds 
  Import took 0.035402 seconds .

========================================================================
Received Import Request.
  Time since last request: 123.847012 seconds.
  path: Assets/Original Wood Textures
  artifactKey: Guid(d818ba145966f0d4d9a7c52e5d446523) Importer(815301076,1909f56bfc062723c751e8b465ee728b)
Start importing Assets/Original Wood Textures using Guid(d818ba145966f0d4d9a7c52e5d446523) Importer(815301076,1909f56bfc062723c751e8b465ee728b)  -> (artifact id: 'e1bf66d9ccc8ad804aecee3fef2fc82d') in 0.007581 seconds 
  Import took 0.010847 seconds .

========================================================================
Received Import Request.
  Time since last request: 0.742613 seconds.
  path: Assets/Original Wood Textures/Wood Texture 01
  artifactKey: Guid(d81fa0d58f7b50c4ea49b9482034a552) Importer(815301076,1909f56bfc062723c751e8b465ee728b)
Start importing Assets/Original Wood Textures/Wood Texture 01 using Guid(d81fa0d58f7b50c4ea49b9482034a552) Importer(815301076,1909f56bfc062723c751e8b465ee728b)  -> (artifact id: '11677904dc0bdd7f5adc8a7d53f22459') in 0.007911 seconds 
  Import took 0.011106 seconds .

========================================================================
Received Import Request.
  Time since last request: 0.050607 seconds.
  path: Assets/Original Wood Textures/Wood Texture 01/Wood Texture 01 diffuse.tga
  artifactKey: Guid(556156e47a9033342833685b5cc1cee3) Importer(815301076,1909f56bfc062723c751e8b465ee728b)
Start importing Assets/Original Wood Textures/Wood Texture 01/Wood Texture 01 diffuse.tga using Guid(556156e47a9033342833685b5cc1cee3) Importer(815301076,1909f56bfc062723c751e8b465ee728b)  -> (artifact id: '445b15da771e6fb54496e8b847a22294') in 0.082599 seconds 
  Import took 0.085677 seconds .

========================================================================
Received Import Request.
  Time since last request: 0.000243 seconds.
  path: Assets/Original Wood Textures/Wood Texture 01/Wood Texture 01 normal.tga
  artifactKey: Guid(396ef6a70ab84ea4b85fa6bd0765c548) Importer(815301076,1909f56bfc062723c751e8b465ee728b)
Start importing Assets/Original Wood Textures/Wood Texture 01/Wood Texture 01 normal.tga using Guid(396ef6a70ab84ea4b85fa6bd0765c548) Importer(815301076,1909f56bfc062723c751e8b465ee728b)  -> (artifact id: '94fed6a914a1f7498dc1ce704e4decee') in 0.014504 seconds 
  Import took 0.017204 seconds .

========================================================================
Received Import Request.
  Time since last request: 0.000304 seconds.
  path: Assets/Original Wood Textures/Wood Texture 01/Wood Texture 01.mat
  artifactKey: Guid(d9e6a8c3b79a0ac4d8e9776bb25bfa16) Importer(815301076,1909f56bfc062723c751e8b465ee728b)
Start importing Assets/Original Wood Textures/Wood Texture 01/Wood Texture 01.mat using Guid(d9e6a8c3b79a0ac4d8e9776bb25bfa16) Importer(815301076,1909f56bfc062723c751e8b465ee728b)  -> (artifact id: '2fe50db5352a5cb94f375497a6543436') in 0.023860 seconds 
  Import took 0.026566 seconds .

========================================================================
Received Import Request.
  Time since last request: 6.317446 seconds.
  path: Assets/Original Wood Textures/Wood Texture 03
  artifactKey: Guid(7c4c06fa4adeec44c963ed4a149378a9) Importer(815301076,1909f56bfc062723c751e8b465ee728b)
Start importing Assets/Original Wood Textures/Wood Texture 03 using Guid(7c4c06fa4adeec44c963ed4a149378a9) Importer(815301076,1909f56bfc062723c751e8b465ee728b)  -> (artifact id: '50681b1149af44154017ce0a51cbbddc') in 0.007203 seconds 
  Import took 0.010678 seconds .

========================================================================
Received Import Request.
  Time since last request: 0.043488 seconds.
  path: Assets/Original Wood Textures/Wood Texture 03/Wood Texture 03 diffuse.tga
  artifactKey: Guid(efd5461bc415bc040b627feea62efd8c) Importer(815301076,1909f56bfc062723c751e8b465ee728b)
Start importing Assets/Original Wood Textures/Wood Texture 03/Wood Texture 03 diffuse.tga using Guid(efd5461bc415bc040b627feea62efd8c) Importer(815301076,1909f56bfc062723c751e8b465ee728b)  -> (artifact id: '923573fa5eda5130d022aec0bd2b3b99') in 0.025033 seconds 
  Import took 0.028059 seconds .

========================================================================
Received Import Request.
  Time since last request: 0.000245 seconds.
  path: Assets/Original Wood Textures/Wood Texture 03/Wood Texture 03 normal.tga
  artifactKey: Guid(81916294af2dfe646875bdfa4fea17dd) Importer(815301076,1909f56bfc062723c751e8b465ee728b)
Start importing Assets/Original Wood Textures/Wood Texture 03/Wood Texture 03 normal.tga using Guid(81916294af2dfe646875bdfa4fea17dd) Importer(815301076,1909f56bfc062723c751e8b465ee728b)  -> (artifact id: '4fff0a448247352ecd9859017bd46347') in 0.026433 seconds 
  Import took 0.029430 seconds .

========================================================================
Received Import Request.
  Time since last request: 0.000378 seconds.
  path: Assets/Original Wood Textures/Wood Texture 03/Wood Texture 03.mat
  artifactKey: Guid(5d6806ab6c681494e81a3e2d7de093a3) Importer(815301076,1909f56bfc062723c751e8b465ee728b)
Start importing Assets/Original Wood Textures/Wood Texture 03/Wood Texture 03.mat using Guid(5d6806ab6c681494e81a3e2d7de093a3) Importer(815301076,1909f56bfc062723c751e8b465ee728b)  -> (artifact id: 'e1714a96cdcff635576280b7046e15a7') in 0.026914 seconds 
  Import took 0.029883 seconds .

========================================================================
Received Import Request.
  Time since last request: 4.683325 seconds.
  path: Assets/Original Wood Textures/Wood Texture 04
  artifactKey: Guid(7fe66abe44d1f764c81f4b08015a6b3d) Importer(815301076,1909f56bfc062723c751e8b465ee728b)
Start importing Assets/Original Wood Textures/Wood Texture 04 using Guid(7fe66abe44d1f764c81f4b08015a6b3d) Importer(815301076,1909f56bfc062723c751e8b465ee728b)  -> (artifact id: '6a78acbd6961b07076da2f1aa178ba25') in 0.008178 seconds 
  Import took 0.011200 seconds .

========================================================================
Received Import Request.
  Time since last request: 0.001501 seconds.
  path: Assets/Original Wood Textures/Wood Texture 04/Wood Texture 04 diffuse.tga
  artifactKey: Guid(59745c804ddf4364eb78f74f84c84700) Importer(815301076,1909f56bfc062723c751e8b465ee728b)
Start importing Assets/Original Wood Textures/Wood Texture 04/Wood Texture 04 diffuse.tga using Guid(59745c804ddf4364eb78f74f84c84700) Importer(815301076,1909f56bfc062723c751e8b465ee728b)  -> (artifact id: '32273decc071141e457f62571c32b6b0') in 0.026456 seconds 
  Import took 0.029333 seconds .

========================================================================
Received Import Request.
  Time since last request: 0.000337 seconds.
  path: Assets/Original Wood Textures/Wood Texture 04/Wood Texture 04.mat
  artifactKey: Guid(cdd0f621478771b45b4fc5898d61191d) Importer(815301076,1909f56bfc062723c751e8b465ee728b)
Start importing Assets/Original Wood Textures/Wood Texture 04/Wood Texture 04.mat using Guid(cdd0f621478771b45b4fc5898d61191d) Importer(815301076,1909f56bfc062723c751e8b465ee728b)  -> (artifact id: '073cbb0a6a69cdacfd0e7a16aecc644f') in 0.024515 seconds 
  Import took 0.027225 seconds .

========================================================================
Received Import Request.
  Time since last request: 0.000283 seconds.
  path: Assets/Original Wood Textures/Wood Texture 04/Wood Texture 04 normal.tga
  artifactKey: Guid(953d4f6c4e384434a997ab66210c822d) Importer(815301076,1909f56bfc062723c751e8b465ee728b)
Start importing Assets/Original Wood Textures/Wood Texture 04/Wood Texture 04 normal.tga using Guid(953d4f6c4e384434a997ab66210c822d) Importer(815301076,1909f56bfc062723c751e8b465ee728b)  -> (artifact id: '3876fa164a7bb888916b32a6f66ce70c') in 0.018085 seconds 
  Import took 0.021038 seconds .

========================================================================
Received Import Request.
  Time since last request: 1.587087 seconds.
  path: Assets/Original Wood Textures/Wood Texture 06
  artifactKey: Guid(bd2f2d26a5179374ba7689d5d4ed4b80) Importer(815301076,1909f56bfc062723c751e8b465ee728b)
Start importing Assets/Original Wood Textures/Wood Texture 06 using Guid(bd2f2d26a5179374ba7689d5d4ed4b80) Importer(815301076,1909f56bfc062723c751e8b465ee728b)  -> (artifact id: '54fdb2111e32bb64bc532c81bffecddd') in 0.007663 seconds 
  Import took 0.010993 seconds .

========================================================================
Received Import Request.
  Time since last request: 0.043597 seconds.
  path: Assets/Original Wood Textures/Wood Texture 06/Wood Texture 06 diffuse.tga
  artifactKey: Guid(5a1cd0ec1d5613641b8370b91d585119) Importer(815301076,1909f56bfc062723c751e8b465ee728b)
Start importing Assets/Original Wood Textures/Wood Texture 06/Wood Texture 06 diffuse.tga using Guid(5a1cd0ec1d5613641b8370b91d585119) Importer(815301076,1909f56bfc062723c751e8b465ee728b)  -> (artifact id: '6a3e140b49ffd6497152ae59d93846f7') in 0.022985 seconds 
  Import took 0.026330 seconds .

========================================================================
Received Import Request.
  Time since last request: 0.000241 seconds.
  path: Assets/Original Wood Textures/Wood Texture 06/Wood Texture 06.mat
  artifactKey: Guid(7ab5419603cdd1b47bcffeff55825849) Importer(815301076,1909f56bfc062723c751e8b465ee728b)
Start importing Assets/Original Wood Textures/Wood Texture 06/Wood Texture 06.mat using Guid(7ab5419603cdd1b47bcffeff55825849) Importer(815301076,1909f56bfc062723c751e8b465ee728b)  -> (artifact id: '503757082f1728f5f04fd1f36e64864f') in 0.032617 seconds 
  Import took 0.035795 seconds .

========================================================================
Received Import Request.
  Time since last request: 0.000375 seconds.
  path: Assets/Original Wood Textures/Wood Texture 06/Wood Texture 06 normal.tga
  artifactKey: Guid(1ed717576c1cf2d41aebacea538e0a8f) Importer(815301076,1909f56bfc062723c751e8b465ee728b)
Start importing Assets/Original Wood Textures/Wood Texture 06/Wood Texture 06 normal.tga using Guid(1ed717576c1cf2d41aebacea538e0a8f) Importer(815301076,1909f56bfc062723c751e8b465ee728b)  -> (artifact id: '45438ed91dfb495e7918e70823f7aab3') in 0.016087 seconds 
  Import took 0.019619 seconds .

========================================================================
Received Import Request.
  Time since last request: 1.781656 seconds.
  path: Assets/Original Wood Textures/Wood Texture 08
  artifactKey: Guid(93ea06ba7e289fe48a22b14479cabfde) Importer(815301076,1909f56bfc062723c751e8b465ee728b)
Start importing Assets/Original Wood Textures/Wood Texture 08 using Guid(93ea06ba7e289fe48a22b14479cabfde) Importer(815301076,1909f56bfc062723c751e8b465ee728b)  -> (artifact id: '64c0f753858bf4e7b858584aebbe199c') in 0.008171 seconds 
  Import took 0.011449 seconds .

========================================================================
Received Import Request.
  Time since last request: 0.044510 seconds.
  path: Assets/Original Wood Textures/Wood Texture 08/Wood Texture 08 diffuse.tga
  artifactKey: Guid(abece7833a6ba72439e4fa9deaa730d1) Importer(815301076,1909f56bfc062723c751e8b465ee728b)
Start importing Assets/Original Wood Textures/Wood Texture 08/Wood Texture 08 diffuse.tga using Guid(abece7833a6ba72439e4fa9deaa730d1) Importer(815301076,1909f56bfc062723c751e8b465ee728b)  -> (artifact id: '0553fafccf2356cf1ad79d24f204d221') in 0.017497 seconds 
  Import took 0.020307 seconds .

========================================================================
Received Import Request.
  Time since last request: 0.000246 seconds.
  path: Assets/Original Wood Textures/Wood Texture 08/Wood Texture 08.mat
  artifactKey: Guid(e717b0cd41e24164aa3c9f75ec9282be) Importer(815301076,1909f56bfc062723c751e8b465ee728b)
Start importing Assets/Original Wood Textures/Wood Texture 08/Wood Texture 08.mat using Guid(e717b0cd41e24164aa3c9f75ec9282be) Importer(815301076,1909f56bfc062723c751e8b465ee728b)  -> (artifact id: 'd63f8f30a8a119cf883b7969fb4bc429') in 0.027563 seconds 
  Import took 0.030632 seconds .

========================================================================
Received Import Request.
  Time since last request: 0.000276 seconds.
  path: Assets/Original Wood Textures/Wood Texture 08/Wood Texture 08 normal.tga
  artifactKey: Guid(09eb39d878c1d8244a5a4f543a9112cb) Importer(815301076,1909f56bfc062723c751e8b465ee728b)
Start importing Assets/Original Wood Textures/Wood Texture 08/Wood Texture 08 normal.tga using Guid(09eb39d878c1d8244a5a4f543a9112cb) Importer(815301076,1909f56bfc062723c751e8b465ee728b)  -> (artifact id: '9eea722e5ba359d4a661eb8941caed15') in 0.022241 seconds 
  Import took 0.025365 seconds .

========================================================================
Received Import Request.
  Time since last request: 4.690629 seconds.
  path: Assets/Original Wood Textures/Wood Texture 15
  artifactKey: Guid(06d609cae28648c498acf6d2254495d2) Importer(815301076,1909f56bfc062723c751e8b465ee728b)
Start importing Assets/Original Wood Textures/Wood Texture 15 using Guid(06d609cae28648c498acf6d2254495d2) Importer(815301076,1909f56bfc062723c751e8b465ee728b)  -> (artifact id: '415accdb6930bf1685849bdc4c10f42c') in 0.007199 seconds 
  Import took 0.010350 seconds .

========================================================================
Received Import Request.
  Time since last request: 0.530213 seconds.
  path: Assets/Original Wood Textures/Wood Texture 15/Wood Texture 15 diffuse.tga
  artifactKey: Guid(0384528ab5ea09b469ef1f5fc0b37744) Importer(815301076,1909f56bfc062723c751e8b465ee728b)
Start importing Assets/Original Wood Textures/Wood Texture 15/Wood Texture 15 diffuse.tga using Guid(0384528ab5ea09b469ef1f5fc0b37744) Importer(815301076,1909f56bfc062723c751e8b465ee728b)  -> (artifact id: '8791b94617784b5fb5e5eaf042478710') in 0.019600 seconds 
  Import took 0.022756 seconds .

========================================================================
Received Import Request.
  Time since last request: 0.000258 seconds.
  path: Assets/Original Wood Textures/Wood Texture 15/Wood Texture 15.mat
  artifactKey: Guid(d64e6cad4dbba3049895ced83800f404) Importer(815301076,1909f56bfc062723c751e8b465ee728b)
Start importing Assets/Original Wood Textures/Wood Texture 15/Wood Texture 15.mat using Guid(d64e6cad4dbba3049895ced83800f404) Importer(815301076,1909f56bfc062723c751e8b465ee728b)  -> (artifact id: '03b31e03f47e2fb11d622e7a0cde6f43') in 0.014596 seconds 
  Import took 0.017961 seconds .

========================================================================
Received Import Request.
  Time since last request: 0.000254 seconds.
  path: Assets/Original Wood Textures/Wood Texture 15/Wood Texture 15 normal.tga
  artifactKey: Guid(f9d084406c1055f49b3430a9cf909f3d) Importer(815301076,1909f56bfc062723c751e8b465ee728b)
Start importing Assets/Original Wood Textures/Wood Texture 15/Wood Texture 15 normal.tga using Guid(f9d084406c1055f49b3430a9cf909f3d) Importer(815301076,1909f56bfc062723c751e8b465ee728b)  -> (artifact id: 'de32c2f3756b4eaf69208a035b950a80') in 0.038913 seconds 
  Import took 0.041936 seconds .

========================================================================
Received Import Request.
  Time since last request: 1.924988 seconds.
  path: Assets/Original Wood Textures/Wood Texture 13
  artifactKey: Guid(04bc78100b170a94a9b200e2cfcd0eca) Importer(815301076,1909f56bfc062723c751e8b465ee728b)
Start importing Assets/Original Wood Textures/Wood Texture 13 using Guid(04bc78100b170a94a9b200e2cfcd0eca) Importer(815301076,1909f56bfc062723c751e8b465ee728b)  -> (artifact id: '127aa23b8859f5637e382583f12c1fd2') in 0.007871 seconds 
  Import took 0.011089 seconds .

========================================================================
Received Import Request.
  Time since last request: 0.858551 seconds.
  path: Assets/Original Wood Textures/Wood Texture 13/Wood Texture 13 diffuse.tga
  artifactKey: Guid(2cd12808fbe89ff4f83dec5f3ea4abf9) Importer(815301076,1909f56bfc062723c751e8b465ee728b)
Start importing Assets/Original Wood Textures/Wood Texture 13/Wood Texture 13 diffuse.tga using Guid(2cd12808fbe89ff4f83dec5f3ea4abf9) Importer(815301076,1909f56bfc062723c751e8b465ee728b)  -> (artifact id: '7cc7c640c7520adff1b3d5f094ab8821') in 0.013990 seconds 
  Import took 0.017086 seconds .

========================================================================
Received Import Request.
  Time since last request: 0.000265 seconds.
  path: Assets/Original Wood Textures/Wood Texture 13/Wood Texture 13 normal.tga
  artifactKey: Guid(771d8a58ca9c77b47a5729697f97a50a) Importer(815301076,1909f56bfc062723c751e8b465ee728b)
Start importing Assets/Original Wood Textures/Wood Texture 13/Wood Texture 13 normal.tga using Guid(771d8a58ca9c77b47a5729697f97a50a) Importer(815301076,1909f56bfc062723c751e8b465ee728b)  -> (artifact id: '8a8a70ab7fab95781f71cd91aec15ea2') in 0.031433 seconds 
  Import took 0.034308 seconds .

========================================================================
Received Import Request.
  Time since last request: 0.000334 seconds.
  path: Assets/Original Wood Textures/Wood Texture 13/Wood Texture 13.mat
  artifactKey: Guid(1cedce7db56d8a24bacbf04e764ad74a) Importer(815301076,1909f56bfc062723c751e8b465ee728b)
Start importing Assets/Original Wood Textures/Wood Texture 13/Wood Texture 13.mat using Guid(1cedce7db56d8a24bacbf04e764ad74a) Importer(815301076,1909f56bfc062723c751e8b465ee728b)  -> (artifact id: '369cd0a8a396d68d91795e9c181681db') in 0.036220 seconds 
  Import took 0.039585 seconds .

========================================================================
Received Import Request.
  Time since last request: 1.925329 seconds.
  path: Assets/Original Wood Textures/Wood Texture 12
  artifactKey: Guid(f679d275d87cc0946bfc3a76347c8653) Importer(815301076,1909f56bfc062723c751e8b465ee728b)
Start importing Assets/Original Wood Textures/Wood Texture 12 using Guid(f679d275d87cc0946bfc3a76347c8653) Importer(815301076,1909f56bfc062723c751e8b465ee728b)  -> (artifact id: '985dfbe8a1d4f06a013bb54d78ca6db8') in 0.008254 seconds 
  Import took 0.011723 seconds .

========================================================================
Received Import Request.
  Time since last request: 0.048534 seconds.
  path: Assets/Original Wood Textures/Wood Texture 12/Wood Texture 12 diffuse.tga
  artifactKey: Guid(3bd0228764f23364b9118a627a195621) Importer(815301076,1909f56bfc062723c751e8b465ee728b)
Start importing Assets/Original Wood Textures/Wood Texture 12/Wood Texture 12 diffuse.tga using Guid(3bd0228764f23364b9118a627a195621) Importer(815301076,1909f56bfc062723c751e8b465ee728b)  -> (artifact id: '9be0514cc1155cb2204b41ed996c34f6') in 0.023054 seconds 
  Import took 0.026333 seconds .

========================================================================
Received Import Request.
  Time since last request: 0.000252 seconds.
  path: Assets/Original Wood Textures/Wood Texture 12/Wood Texture 12 normal.tga
  artifactKey: Guid(c0688b9c82071394ba88f7a02a2f4049) Importer(815301076,1909f56bfc062723c751e8b465ee728b)
Start importing Assets/Original Wood Textures/Wood Texture 12/Wood Texture 12 normal.tga using Guid(c0688b9c82071394ba88f7a02a2f4049) Importer(815301076,1909f56bfc062723c751e8b465ee728b)  -> (artifact id: '30e5ae17d59d6cf0a72342b7f0790fad') in 0.025324 seconds 
  Import took 0.028111 seconds .

========================================================================
Received Import Request.
  Time since last request: 0.000262 seconds.
  path: Assets/Original Wood Textures/Wood Texture 12/Wood Texture 12.mat
  artifactKey: Guid(c75e6289c2502a644a113f17d89ac433) Importer(815301076,1909f56bfc062723c751e8b465ee728b)
Start importing Assets/Original Wood Textures/Wood Texture 12/Wood Texture 12.mat using Guid(c75e6289c2502a644a113f17d89ac433) Importer(815301076,1909f56bfc062723c751e8b465ee728b)  -> (artifact id: '8ad1057db39e972005519eab6d965427') in 0.029113 seconds 
  Import took 0.032379 seconds .

========================================================================
Received Import Request.
  Time since last request: 3.128910 seconds.
  path: Assets/Original Wood Textures/Wood Texture 09
  artifactKey: Guid(608c4ad7ba44f884eb19f4591a26e8fd) Importer(815301076,1909f56bfc062723c751e8b465ee728b)
Start importing Assets/Original Wood Textures/Wood Texture 09 using Guid(608c4ad7ba44f884eb19f4591a26e8fd) Importer(815301076,1909f56bfc062723c751e8b465ee728b)  -> (artifact id: 'ceed265a9830dd32e77488a478a7e2ae') in 0.007228 seconds 
  Import took 0.010547 seconds .

========================================================================
Received Import Request.
  Time since last request: 0.042956 seconds.
  path: Assets/Original Wood Textures/Wood Texture 09/Wood Texture 09 diffuse.tga
  artifactKey: Guid(d682e79345ad8eb46ad0faad594fd03d) Importer(815301076,1909f56bfc062723c751e8b465ee728b)
Start importing Assets/Original Wood Textures/Wood Texture 09/Wood Texture 09 diffuse.tga using Guid(d682e79345ad8eb46ad0faad594fd03d) Importer(815301076,1909f56bfc062723c751e8b465ee728b)  -> (artifact id: 'aaab9385e576fff49f7b8d1b32f62dec') in 0.014838 seconds 
  Import took 0.017910 seconds .

========================================================================
Received Import Request.
  Time since last request: 0.000246 seconds.
  path: Assets/Original Wood Textures/Wood Texture 09/Wood Texture 09 normal.tga
  artifactKey: Guid(ba20c94d07a7d944581b737e27dafa60) Importer(815301076,1909f56bfc062723c751e8b465ee728b)
Start importing Assets/Original Wood Textures/Wood Texture 09/Wood Texture 09 normal.tga using Guid(ba20c94d07a7d944581b737e27dafa60) Importer(815301076,1909f56bfc062723c751e8b465ee728b)  -> (artifact id: '1aea74b08a4e920729626790a689d959') in 0.026571 seconds 
  Import took 0.029896 seconds .

========================================================================
Received Import Request.
  Time since last request: 0.000279 seconds.
  path: Assets/Original Wood Textures/Wood Texture 09/Wood Texture 09.mat
  artifactKey: Guid(6cfcab824d7b63a40bf197a49d6c1301) Importer(815301076,1909f56bfc062723c751e8b465ee728b)
Start importing Assets/Original Wood Textures/Wood Texture 09/Wood Texture 09.mat using Guid(6cfcab824d7b63a40bf197a49d6c1301) Importer(815301076,1909f56bfc062723c751e8b465ee728b)  -> (artifact id: '9ed6959f9e53bc5f2ea05924139d3b90') in 0.024090 seconds 
  Import took 0.027383 seconds .

========================================================================
Received Import Request.
  Time since last request: 787.409268 seconds.
  path: Assets/Original Wood Textures/Wood Texture 05/Wood Texture 05 diffuse.tga
  artifactKey: Guid(ccad2f0bd98f553449ca5fdd7924fbe0) Importer(815301076,1909f56bfc062723c751e8b465ee728b)
Start importing Assets/Original Wood Textures/Wood Texture 05/Wood Texture 05 diffuse.tga using Guid(ccad2f0bd98f553449ca5fdd7924fbe0) Importer(815301076,1909f56bfc062723c751e8b465ee728b)  -> (artifact id: 'c086fabcbb9ff388f5173c362ca1c601') in 0.025376 seconds 
  Import took 0.029900 seconds .

========================================================================
Received Import Request.
  Time since last request: 0.000273 seconds.
  path: Assets/Original Wood Textures/Wood Texture 05/Wood Texture 05 normal.tga
  artifactKey: Guid(ccad681da3501284eb30bd9d0ea1b421) Importer(815301076,1909f56bfc062723c751e8b465ee728b)
Start importing Assets/Original Wood Textures/Wood Texture 05/Wood Texture 05 normal.tga using Guid(ccad681da3501284eb30bd9d0ea1b421) Importer(815301076,1909f56bfc062723c751e8b465ee728b)  -> (artifact id: '3215a368f933ae01f1ee2ba0d7e96f4c') in 0.029871 seconds 
  Import took 0.033951 seconds .

========================================================================
Received Import Request.
  Time since last request: 0.000304 seconds.
  path: Assets/Original Wood Textures/Wood Texture 05/Wood Texture 05.mat
  artifactKey: Guid(681e525d0bcd7c048882cf869c20ebc5) Importer(815301076,1909f56bfc062723c751e8b465ee728b)
Start importing Assets/Original Wood Textures/Wood Texture 05/Wood Texture 05.mat using Guid(681e525d0bcd7c048882cf869c20ebc5) Importer(815301076,1909f56bfc062723c751e8b465ee728b)  -> (artifact id: 'bff2a94e9dd09872934315a8a0f2088f') in 0.019712 seconds 
  Import took 0.023429 seconds .

AssetImportWorkerClient::OnTransportError - code=2 error=End of file
